<?xml version="1.0" encoding="UTF-8" ?>
<testsuite failures="0" time="0.425" errors="0" skipped="0" tests="43" name="org.robot.database.keywords.test.DatabaseLibraryTest">
  <properties>
    <property name="java.runtime.name" value="Java(TM) SE Runtime Environment"/>
    <property name="sun.boot.library.path" value="C:\Program Files\Java\jdk1.6.0_37\jre\bin"/>
    <property name="java.vm.version" value="20.12-b01"/>
    <property name="java.vm.vendor" value="Sun Microsystems Inc."/>
    <property name="java.vendor.url" value="http://java.sun.com/"/>
    <property name="path.separator" value=";"/>
    <property name="java.vm.name" value="Java HotSpot(TM) 64-Bit Server VM"/>
    <property name="file.encoding.pkg" value="sun.io"/>
    <property name="user.country" value="DE"/>
    <property name="sun.java.launcher" value="SUN_STANDARD"/>
    <property name="sun.os.patch.level" value="Service Pack 1"/>
    <property name="java.vm.specification.name" value="Java Virtual Machine Specification"/>
    <property name="user.dir" value="C:\workspaces\rf-db-lib\robotframework-dblibrary\dblibrary"/>
    <property name="java.runtime.version" value="1.6.0_37-b06"/>
    <property name="java.awt.graphicsenv" value="sun.awt.Win32GraphicsEnvironment"/>
    <property name="basedir" value="C:\workspaces\rf-db-lib\robotframework-dblibrary\dblibrary"/>
    <property name="java.endorsed.dirs" value="C:\Program Files\Java\jdk1.6.0_37\jre\lib\endorsed"/>
    <property name="os.arch" value="amd64"/>
    <property name="surefire.real.class.path" value="C:\Users\tja\AppData\Local\Temp\surefirebooter4482771627103087442.jar"/>
    <property name="java.io.tmpdir" value="C:\Users\tja\AppData\Local\Temp\"/>
    <property name="line.separator" value="
"/>
    <property name="java.vm.specification.vendor" value="Sun Microsystems Inc."/>
    <property name="user.variant" value=""/>
    <property name="os.name" value="Windows 7"/>
    <property name="sun.jnu.encoding" value="Cp1252"/>
    <property name="java.library.path" value="C:\Program Files\Java\jdk1.6.0_37\jre\bin;C:\Windows\Sun\Java\bin;C:\Windows\system32;C:\Windows;C:\Program Files\Common Files\Microsoft Shared\Windows Live;C:\Program Files (x86)\Common Files\Microsoft Shared\Windows Live;C:\Program Files (x86)\Intel\iCLS Client\;C:\Program Files\Intel\iCLS Client\;C:\Windows\system32;C:\Windows;C:\Windows\System32\Wbem;C:\Windows\System32\WindowsPowerShell\v1.0\;C:\Program Files\Intel\WiFi\bin\;C:\Program Files\Common Files\Intel\WirelessCommon\;C:\Program Files\Intel\Intel(R) Management Engine Components\DAL;C:\Program Files\Intel\Intel(R) Management Engine Components\IPT;C:\Program Files (x86)\Intel\Intel(R) Management Engine Components\DAL;C:\Program Files (x86)\Intel\Intel(R) Management Engine Components\IPT;C:\Program Files\WIDCOMM\Bluetooth Software\;C:\Program Files\WIDCOMM\Bluetooth Software\syswow64;C:\Program Files\Dell\Dell Data Protection\Access\Advanced\Wave\Gemalto\Access Client\v5\;C:\Program Files (x86)\NTRU Cryptosystems\NTRU TCG Software Stack\bin\;C:\Program Files\NTRU Cryptosystems\NTRU TCG Software Stack\bin\;C:\Program Files (x86)\Windows Live\Shared;C:\Development\apache-maven-2.2.1\bin;C:\Program Files\Java\jdk1.6.0_37\bin;C:\Development\apache-ant-1.8.4\bin;C:\Development\mongodb-win32-x86_64-2.2.1\mongodb-win32-x86_64-2.2.1\bin;C:\Python27\Scripts;C:\Python27;."/>
    <property name="surefire.test.class.path" value="C:\workspaces\rf-db-lib\robotframework-dblibrary\dblibrary\target\test-classes;C:\workspaces\rf-db-lib\robotframework-dblibrary\dblibrary\target\classes;C:\Users\tja\.m2\repository\hsqldb\hsqldb\1.8.0.10\hsqldb-1.8.0.10.jar;C:\Users\tja\.m2\repository\junit\junit\4.7\junit-4.7.jar;C:\Users\tja\.m2\repository\org\robotframework\javalib-core\1.1\javalib-core-1.1.jar;C:\Users\tja\.m2\repository\commons-collections\commons-collections\3.2\commons-collections-3.2.jar;C:\Users\tja\.m2\repository\com\thoughtworks\paranamer\paranamer\1.1.2\paranamer-1.1.2.jar;C:\Users\tja\.m2\repository\com\github\ombre42\jrobotremoteserver\2.0\jrobotremoteserver-2.0.jar;C:\Users\tja\.m2\repository\org\apache\xmlrpc\xmlrpc-server\3.1.3\xmlrpc-server-3.1.3.jar;C:\Users\tja\.m2\repository\commons-logging\commons-logging\1.1.1\commons-logging-1.1.1.jar;C:\Users\tja\.m2\repository\log4j\log4j\1.2.16\log4j-1.2.16.jar;C:\Users\tja\.m2\repository\org\apache\xmlrpc\xmlrpc-common\3.1.3\xmlrpc-common-3.1.3.jar;C:\Users\tja\.m2\repository\org\apache\ws\commons\util\ws-commons-util\1.0.2\ws-commons-util-1.0.2.jar;C:\Users\tja\.m2\repository\xml-apis\xml-apis\1.0.b2\xml-apis-1.0.b2.jar;C:\Users\tja\.m2\repository\org\eclipse\jetty\jetty-servlet\7.6.3.v20120416\jetty-servlet-7.6.3.v20120416.jar;C:\Users\tja\.m2\repository\org\eclipse\jetty\jetty-security\7.6.3.v20120416\jetty-security-7.6.3.v20120416.jar;C:\Users\tja\.m2\repository\org\eclipse\jetty\jetty-server\7.6.3.v20120416\jetty-server-7.6.3.v20120416.jar;C:\Users\tja\.m2\repository\org\eclipse\jetty\orbit\javax.servlet\2.5.0.v201103041518\javax.servlet-2.5.0.v201103041518.jar;C:\Users\tja\.m2\repository\org\eclipse\jetty\jetty-continuation\7.6.3.v20120416\jetty-continuation-7.6.3.v20120416.jar;C:\Users\tja\.m2\repository\org\eclipse\jetty\jetty-http\7.6.3.v20120416\jetty-http-7.6.3.v20120416.jar;C:\Users\tja\.m2\repository\org\eclipse\jetty\jetty-io\7.6.3.v20120416\jetty-io-7.6.3.v20120416.jar;C:\Users\tja\.m2\repository\org\eclipse\jetty\jetty-util\7.6.3.v20120416\jetty-util-7.6.3.v20120416.jar;C:\Users\tja\.m2\repository\commons-lang\commons-lang\2.4\commons-lang-2.4.jar;C:\Users\tja\.m2\repository\commons-io\commons-io\2.0.1\commons-io-2.0.1.jar;"/>
    <property name="java.specification.name" value="Java Platform API Specification"/>
    <property name="java.class.version" value="50.0"/>
    <property name="sun.management.compiler" value="HotSpot 64-Bit Tiered Compilers"/>
    <property name="os.version" value="6.1"/>
    <property name="user.home" value="C:\Users\tja"/>
    <property name="user.timezone" value="Europe/Berlin"/>
    <property name="java.awt.printerjob" value="sun.awt.windows.WPrinterJob"/>
    <property name="java.specification.version" value="1.6"/>
    <property name="file.encoding" value="Cp1252"/>
    <property name="user.name" value="tja"/>
    <property name="java.class.path" value="C:\workspaces\rf-db-lib\robotframework-dblibrary\dblibrary\target\test-classes;C:\workspaces\rf-db-lib\robotframework-dblibrary\dblibrary\target\classes;C:\Users\tja\.m2\repository\hsqldb\hsqldb\1.8.0.10\hsqldb-1.8.0.10.jar;C:\Users\tja\.m2\repository\junit\junit\4.7\junit-4.7.jar;C:\Users\tja\.m2\repository\org\robotframework\javalib-core\1.1\javalib-core-1.1.jar;C:\Users\tja\.m2\repository\commons-collections\commons-collections\3.2\commons-collections-3.2.jar;C:\Users\tja\.m2\repository\com\thoughtworks\paranamer\paranamer\1.1.2\paranamer-1.1.2.jar;C:\Users\tja\.m2\repository\com\github\ombre42\jrobotremoteserver\2.0\jrobotremoteserver-2.0.jar;C:\Users\tja\.m2\repository\org\apache\xmlrpc\xmlrpc-server\3.1.3\xmlrpc-server-3.1.3.jar;C:\Users\tja\.m2\repository\commons-logging\commons-logging\1.1.1\commons-logging-1.1.1.jar;C:\Users\tja\.m2\repository\log4j\log4j\1.2.16\log4j-1.2.16.jar;C:\Users\tja\.m2\repository\org\apache\xmlrpc\xmlrpc-common\3.1.3\xmlrpc-common-3.1.3.jar;C:\Users\tja\.m2\repository\org\apache\ws\commons\util\ws-commons-util\1.0.2\ws-commons-util-1.0.2.jar;C:\Users\tja\.m2\repository\xml-apis\xml-apis\1.0.b2\xml-apis-1.0.b2.jar;C:\Users\tja\.m2\repository\org\eclipse\jetty\jetty-servlet\7.6.3.v20120416\jetty-servlet-7.6.3.v20120416.jar;C:\Users\tja\.m2\repository\org\eclipse\jetty\jetty-security\7.6.3.v20120416\jetty-security-7.6.3.v20120416.jar;C:\Users\tja\.m2\repository\org\eclipse\jetty\jetty-server\7.6.3.v20120416\jetty-server-7.6.3.v20120416.jar;C:\Users\tja\.m2\repository\org\eclipse\jetty\orbit\javax.servlet\2.5.0.v201103041518\javax.servlet-2.5.0.v201103041518.jar;C:\Users\tja\.m2\repository\org\eclipse\jetty\jetty-continuation\7.6.3.v20120416\jetty-continuation-7.6.3.v20120416.jar;C:\Users\tja\.m2\repository\org\eclipse\jetty\jetty-http\7.6.3.v20120416\jetty-http-7.6.3.v20120416.jar;C:\Users\tja\.m2\repository\org\eclipse\jetty\jetty-io\7.6.3.v20120416\jetty-io-7.6.3.v20120416.jar;C:\Users\tja\.m2\repository\org\eclipse\jetty\jetty-util\7.6.3.v20120416\jetty-util-7.6.3.v20120416.jar;C:\Users\tja\.m2\repository\commons-lang\commons-lang\2.4\commons-lang-2.4.jar;C:\Users\tja\.m2\repository\commons-io\commons-io\2.0.1\commons-io-2.0.1.jar;"/>
    <property name="java.vm.specification.version" value="1.0"/>
    <property name="sun.arch.data.model" value="64"/>
    <property name="java.home" value="C:\Program Files\Java\jdk1.6.0_37\jre"/>
    <property name="sun.java.command" value="C:\Users\tja\AppData\Local\Temp\surefirebooter4482771627103087442.jar C:\Users\tja\AppData\Local\Temp\surefire1183734411382341921tmp C:\Users\tja\AppData\Local\Temp\surefire5248757873368107990tmp"/>
    <property name="java.specification.vendor" value="Sun Microsystems Inc."/>
    <property name="user.language" value="de"/>
    <property name="awt.toolkit" value="sun.awt.windows.WToolkit"/>
    <property name="java.vm.info" value="mixed mode"/>
    <property name="java.version" value="1.6.0_37"/>
    <property name="java.ext.dirs" value="C:\Program Files\Java\jdk1.6.0_37\jre\lib\ext;C:\Windows\Sun\Java\lib\ext"/>
    <property name="sun.boot.class.path" value="C:\Program Files\Java\jdk1.6.0_37\jre\lib\resources.jar;C:\Program Files\Java\jdk1.6.0_37\jre\lib\rt.jar;C:\Program Files\Java\jdk1.6.0_37\jre\lib\sunrsasign.jar;C:\Program Files\Java\jdk1.6.0_37\jre\lib\jsse.jar;C:\Program Files\Java\jdk1.6.0_37\jre\lib\jce.jar;C:\Program Files\Java\jdk1.6.0_37\jre\lib\charsets.jar;C:\Program Files\Java\jdk1.6.0_37\jre\lib\modules\jdk.boot.jar;C:\Program Files\Java\jdk1.6.0_37\jre\classes"/>
    <property name="java.vendor" value="Sun Microsystems Inc."/>
    <property name="localRepository" value="C:\Users\tja\.m2\repository"/>
    <property name="file.separator" value="\"/>
    <property name="java.vendor.url.bug" value="http://java.sun.com/cgi-bin/bugreport.cgi"/>
    <property name="sun.cpu.endian" value="little"/>
    <property name="sun.io.unicode.encoding" value="UnicodeLittle"/>
    <property name="sun.desktop" value="windows"/>
    <property name="sun.cpu.isalist" value="amd64"/>
  </properties>
  <testcase time="0.061" classname="org.robot.database.keywords.test.DatabaseLibraryTest" name="checktable_must_be_empty_OnEmptyTable"/>
  <testcase time="0.005" classname="org.robot.database.keywords.test.DatabaseLibraryTest" name="checktable_must_be_empty_OnTableNotEmpty"/>
  <testcase time="0.016" classname="org.robot.database.keywords.test.DatabaseLibraryTest" name="checkTableMustExist_ThatExists"/>
  <testcase time="0.006" classname="org.robot.database.keywords.test.DatabaseLibraryTest" name="checkTableMustExist_ThatDoesNotExist"/>
  <testcase time="0.003" classname="org.robot.database.keywords.test.DatabaseLibraryTest" name="checkdelete_all_rows_from_table"/>
  <testcase time="0.004" classname="org.robot.database.keywords.test.DatabaseLibraryTest" name="checktable_must_contain_number_of_rows"/>
  <testcase time="0.003" classname="org.robot.database.keywords.test.DatabaseLibraryTest" name="checktable_must_contain_number_of_rows_WrongNumber"/>
  <testcase time="0.004" classname="org.robot.database.keywords.test.DatabaseLibraryTest" name="checktable_must_contain_more_than_number_of_rows"/>
  <testcase time="0.003" classname="org.robot.database.keywords.test.DatabaseLibraryTest" name="checktable_must_contain_more_than_number_of_rows_SameNumbers"/>
  <testcase time="0.003" classname="org.robot.database.keywords.test.DatabaseLibraryTest" name="checktable_must_contain_more_than_number_of_rows_MoreNumbers"/>
  <testcase time="0.003" classname="org.robot.database.keywords.test.DatabaseLibraryTest" name="checktable_must_contain_less_than_number_of_rows"/>
  <testcase time="0.002" classname="org.robot.database.keywords.test.DatabaseLibraryTest" name="checktable_must_contain_less_than_number_of_rows_SameNumbers"/>
  <testcase time="0.003" classname="org.robot.database.keywords.test.DatabaseLibraryTest" name="checktable_must_contain_less_than_number_of_rows_LessNumbers"/>
  <testcase time="0.003" classname="org.robot.database.keywords.test.DatabaseLibraryTest" name="checkTablesMustContainSameAmountOfRows"/>
  <testcase time="0.003" classname="org.robot.database.keywords.test.DatabaseLibraryTest" name="checkTablesMustContainSameAmountOfRows_ButTheyDoNot"/>
  <testcase time="0.006" classname="org.robot.database.keywords.test.DatabaseLibraryTest" name="checkCheckContentIdentifiedbyRownum"/>
  <testcase time="0.004" classname="org.robot.database.keywords.test.DatabaseLibraryTest" name="checkCheckContentIdentifiedbyRownum_WrongValues"/>
  <testcase time="0.004" classname="org.robot.database.keywords.test.DatabaseLibraryTest" name="checkCheckContentIdentifiedbyRownum_NoRecordFound"/>
  <testcase time="0.004" classname="org.robot.database.keywords.test.DatabaseLibraryTest" name="checkCheckContentIdentifiedbyWhereClause"/>
  <testcase time="0.003" classname="org.robot.database.keywords.test.DatabaseLibraryTest" name="checkCheckContentIdentifiedbyWhereClause_WrongValues"/>
  <testcase time="0.004" classname="org.robot.database.keywords.test.DatabaseLibraryTest" name="checkCheckContentIdentifiedbyWhereClause_NoRecordFound"/>
  <testcase time="0.003" classname="org.robot.database.keywords.test.DatabaseLibraryTest" name="checkCheckContentIdentifiedbyWhereClause_MoreThanOneRecordFound"/>
  <testcase time="0.003" classname="org.robot.database.keywords.test.DatabaseLibraryTest" name="checkGetTransactionIsolationLevel"/>
  <testcase time="0.003" classname="org.robot.database.keywords.test.DatabaseLibraryTest" name="checktransactionIsolationLevelMustBe"/>
  <testcase time="0.004" classname="org.robot.database.keywords.test.DatabaseLibraryTest" name="checktransactionIsolationLevelMustBe_WithWrongLevelName"/>
  <testcase time="0.009" classname="org.robot.database.keywords.test.DatabaseLibraryTest" name="checkReadSingleValueFromTable"/>
  <testcase time="0.004" classname="org.robot.database.keywords.test.DatabaseLibraryTest" name="checkReadSingleValueFromTableReturnsEmptyStringIfNoMatch"/>
  <testcase time="0.004" classname="org.robot.database.keywords.test.DatabaseLibraryTest" name="checkGetPrimaryKeyColumnsForTable"/>
  <testcase time="0.003" classname="org.robot.database.keywords.test.DatabaseLibraryTest" name="checkCheckPrimaryKeyColumnsForTable"/>
  <testcase time="0.004" classname="org.robot.database.keywords.test.DatabaseLibraryTest" name="checkCheckPrimaryKeyColumnsForTable_NoMatch"/>
  <testcase time="0.003" classname="org.robot.database.keywords.test.DatabaseLibraryTest" name="checkCheckPrimaryKeyColumnsForTable_WrongTableName"/>
  <testcase time="0.005" classname="org.robot.database.keywords.test.DatabaseLibraryTest" name="checkExecuteSQL"/>
  <testcase time="0.004" classname="org.robot.database.keywords.test.DatabaseLibraryTest" name="checkVerifyNumberOfRowsMatchingWhereSuccessOneMatch"/>
  <testcase time="0.003" classname="org.robot.database.keywords.test.DatabaseLibraryTest" name="checkVerifyNumberOfRowsMatchingWhereSuccessNoMatch"/>
  <testcase time="0.002" classname="org.robot.database.keywords.test.DatabaseLibraryTest" name="checkVerifyNumberOfRowsMatchingWhereFailure"/>
  <testcase time="0.006" classname="org.robot.database.keywords.test.DatabaseLibraryTest" name="checkStoreQueryResultToFile"/>
  <testcase time="0.004" classname="org.robot.database.keywords.test.DatabaseLibraryTest" name="checkCompareQueryResultToFileWhereFileMatches"/>
  <testcase time="0.005" classname="org.robot.database.keywords.test.DatabaseLibraryTest" name="checkCompareQueryResultToFileWhereFileHasTooFewRows"/>
  <testcase time="0.005" classname="org.robot.database.keywords.test.DatabaseLibraryTest" name="checkCompareQueryResultToFileWhereFileHasTooManyRows"/>
  <testcase time="0.004" classname="org.robot.database.keywords.test.DatabaseLibraryTest" name="checkCompareQueryResultToFileWhereFileHasInvalidRow"/>
  <testcase time="0.003" classname="org.robot.database.keywords.test.DatabaseLibraryTest" name="checkCompareQueryResultToFileWhereFileNotFound"/>
  <testcase time="0.004" classname="org.robot.database.keywords.test.DatabaseLibraryTest" name="checkRowShouldNotExistInTable"/>
  <testcase time="0.004" classname="org.robot.database.keywords.test.DatabaseLibraryTest" name="checkRowShouldNotExistInTableFailsIfRowExists"/>
</testsuite>